<?xml version="1.0" encoding="UTF-8"?>
<testsuite xmlns:xsi="http://www.w3.org/2001/XMLSchema-instance" xsi:noNamespaceSchemaLocation="https://maven.apache.org/surefire/maven-surefire-plugin/xsd/surefire-test-report.xsd" name="com.revolut.resources.transferResourceIT" time="0.613" tests="2" errors="0" skipped="0" failures="0">
  <properties>
    <property name="sun.desktop" value="windows"/>
    <property name="awt.toolkit" value="sun.awt.windows.WToolkit"/>
    <property name="file.encoding.pkg" value="sun.io"/>
    <property name="java.specification.version" value="1.8"/>
    <property name="sun.cpu.isalist" value="amd64"/>
    <property name="sun.jnu.encoding" value="Cp1252"/>
    <property name="java.class.path" value="C:\Users\moham\Documents\moneytransfer\target\test-classes;C:\Users\moham\Documents\moneytransfer\target\classes;C:\Users\moham\.m2\repository\io\dropwizard\dropwizard-core\2.0.2\dropwizard-core-2.0.2.jar;C:\Users\moham\.m2\repository\io\dropwizard\dropwizard-util\2.0.2\dropwizard-util-2.0.2.jar;C:\Users\moham\.m2\repository\com\fasterxml\jackson\core\jackson-annotations\2.10.2\jackson-annotations-2.10.2.jar;C:\Users\moham\.m2\repository\com\google\guava\guava\28.2-jre\guava-28.2-jre.jar;C:\Users\moham\.m2\repository\com\google\guava\failureaccess\1.0.1\failureaccess-1.0.1.jar;C:\Users\moham\.m2\repository\com\google\guava\listenablefuture\9999.0-empty-to-avoid-conflict-with-guava\listenablefuture-9999.0-empty-to-avoid-conflict-with-guava.jar;C:\Users\moham\.m2\repository\org\checkerframework\checker-qual\2.10.0\checker-qual-2.10.0.jar;C:\Users\moham\.m2\repository\com\google\errorprone\error_prone_annotations\2.3.4\error_prone_annotations-2.3.4.jar;C:\Users\moham\.m2\repository\com\google\j2objc\j2objc-annotations\1.3\j2objc-annotations-1.3.jar;C:\Users\moham\.m2\repository\com\google\code\findbugs\jsr305\3.0.2\jsr305-3.0.2.jar;C:\Users\moham\.m2\repository\joda-time\joda-time\2.10.5\joda-time-2.10.5.jar;C:\Users\moham\.m2\repository\io\dropwizard\dropwizard-jackson\2.0.2\dropwizard-jackson-2.0.2.jar;C:\Users\moham\.m2\repository\com\github\ben-manes\caffeine\caffeine\2.8.1\caffeine-2.8.1.jar;C:\Users\moham\.m2\repository\com\fasterxml\jackson\core\jackson-core\2.10.2\jackson-core-2.10.2.jar;C:\Users\moham\.m2\repository\com\fasterxml\jackson\core\jackson-databind\2.10.2\jackson-databind-2.10.2.jar;C:\Users\moham\.m2\repository\com\fasterxml\jackson\datatype\jackson-datatype-guava\2.10.2\jackson-datatype-guava-2.10.2.jar;C:\Users\moham\.m2\repository\com\fasterxml\jackson\datatype\jackson-datatype-jsr310\2.10.2\jackson-datatype-jsr310-2.10.2.jar;C:\Users\moham\.m2\repository\com\fasterxml\jackson\datatype\jackson-datatype-jdk8\2.10.2\jackson-datatype-jdk8-2.10.2.jar;C:\Users\moham\.m2\repository\com\fasterxml\jackson\module\jackson-module-parameter-names\2.10.2\jackson-module-parameter-names-2.10.2.jar;C:\Users\moham\.m2\repository\com\fasterxml\jackson\module\jackson-module-afterburner\2.10.2\jackson-module-afterburner-2.10.2.jar;C:\Users\moham\.m2\repository\com\fasterxml\jackson\datatype\jackson-datatype-joda\2.10.2\jackson-datatype-joda-2.10.2.jar;C:\Users\moham\.m2\repository\org\slf4j\slf4j-api\1.7.30\slf4j-api-1.7.30.jar;C:\Users\moham\.m2\repository\io\dropwizard\dropwizard-validation\2.0.2\dropwizard-validation-2.0.2.jar;C:\Users\moham\.m2\repository\org\hibernate\validator\hibernate-validator\6.1.2.Final\hibernate-validator-6.1.2.Final.jar;C:\Users\moham\.m2\repository\jakarta\validation\jakarta.validation-api\2.0.2\jakarta.validation-api-2.0.2.jar;C:\Users\moham\.m2\repository\org\jboss\logging\jboss-logging\3.3.2.Final\jboss-logging-3.3.2.Final.jar;C:\Users\moham\.m2\repository\com\fasterxml\classmate\1.3.4\classmate-1.3.4.jar;C:\Users\moham\.m2\repository\org\glassfish\jakarta.el\3.0.3\jakarta.el-3.0.3.jar;C:\Users\moham\.m2\repository\org\javassist\javassist\3.26.0-GA\javassist-3.26.0-GA.jar;C:\Users\moham\.m2\repository\io\dropwizard\dropwizard-configuration\2.0.2\dropwizard-configuration-2.0.2.jar;C:\Users\moham\.m2\repository\com\fasterxml\jackson\dataformat\jackson-dataformat-yaml\2.10.2\jackson-dataformat-yaml-2.10.2.jar;C:\Users\moham\.m2\repository\org\yaml\snakeyaml\1.24\snakeyaml-1.24.jar;C:\Users\moham\.m2\repository\org\apache\commons\commons-lang3\3.9\commons-lang3-3.9.jar;C:\Users\moham\.m2\repository\org\apache\commons\commons-text\1.8\commons-text-1.8.jar;C:\Users\moham\.m2\repository\io\dropwizard\dropwizard-logging\2.0.2\dropwizard-logging-2.0.2.jar;C:\Users\moham\.m2\repository\io\dropwizard\metrics\metrics-logback\4.1.2\metrics-logback-4.1.2.jar;C:\Users\moham\.m2\repository\org\slf4j\jul-to-slf4j\1.7.30\jul-to-slf4j-1.7.30.jar;C:\Users\moham\.m2\repository\ch\qos\logback\logback-core\1.2.3\logback-core-1.2.3.jar;C:\Users\moham\.m2\repository\ch\qos\logback\logback-classic\1.2.3\logback-classic-1.2.3.jar;C:\Users\moham\.m2\repository\io\dropwizard\logback\logback-throttling-appender\1.1.0\logback-throttling-appender-1.1.0.jar;C:\Users\moham\.m2\repository\org\slf4j\log4j-over-slf4j\1.7.30\log4j-over-slf4j-1.7.30.jar;C:\Users\moham\.m2\repository\org\slf4j\jcl-over-slf4j\1.7.30\jcl-over-slf4j-1.7.30.jar;C:\Users\moham\.m2\repository\org\eclipse\jetty\jetty-util\9.4.26.v20200117\jetty-util-9.4.26.v20200117.jar;C:\Users\moham\.m2\repository\io\dropwizard\dropwizard-metrics\2.0.2\dropwizard-metrics-2.0.2.jar;C:\Users\moham\.m2\repository\io\dropwizard\dropwizard-jersey\2.0.2\dropwizard-jersey-2.0.2.jar;C:\Users\moham\.m2\repository\org\glassfish\jersey\core\jersey-server\2.30\jersey-server-2.30.jar;C:\Users\moham\.m2\repository\org\glassfish\jersey\core\jersey-common\2.30\jersey-common-2.30.jar;C:\Users\moham\.m2\repository\org\glassfish\hk2\osgi-resource-locator\1.0.3\osgi-resource-locator-1.0.3.jar;C:\Users\moham\.m2\repository\jakarta\ws\rs\jakarta.ws.rs-api\2.1.6\jakarta.ws.rs-api-2.1.6.jar;C:\Users\moham\.m2\repository\org\glassfish\jersey\media\jersey-media-jaxb\2.30\jersey-media-jaxb-2.30.jar;C:\Users\moham\.m2\repository\jakarta\annotation\jakarta.annotation-api\1.3.5\jakarta.annotation-api-1.3.5.jar;C:\Users\moham\.m2\repository\org\glassfish\hk2\external\jakarta.inject\2.6.1\jakarta.inject-2.6.1.jar;C:\Users\moham\.m2\repository\org\glassfish\jersey\ext\jersey-metainf-services\2.30\jersey-metainf-services-2.30.jar;C:\Users\moham\.m2\repository\org\glassfish\jersey\ext\jersey-bean-validation\2.30\jersey-bean-validation-2.30.jar;C:\Users\moham\.m2\repository\org\glassfish\jersey\inject\jersey-hk2\2.30\jersey-hk2-2.30.jar;C:\Users\moham\.m2\repository\org\glassfish\hk2\hk2-locator\2.6.1\hk2-locator-2.6.1.jar;C:\Users\moham\.m2\repository\org\glassfish\hk2\external\aopalliance-repackaged\2.6.1\aopalliance-repackaged-2.6.1.jar;C:\Users\moham\.m2\repository\org\glassfish\hk2\hk2-api\2.6.1\hk2-api-2.6.1.jar;C:\Users\moham\.m2\repository\org\glassfish\hk2\hk2-utils\2.6.1\hk2-utils-2.6.1.jar;C:\Users\moham\.m2\repository\io\dropwizard\metrics\metrics-jersey2\4.1.2\metrics-jersey2-4.1.2.jar;C:\Users\moham\.m2\repository\com\fasterxml\jackson\jaxrs\jackson-jaxrs-json-provider\2.10.2.1\jackson-jaxrs-json-provider-2.10.2.1.jar;C:\Users\moham\.m2\repository\com\fasterxml\jackson\jaxrs\jackson-jaxrs-base\2.10.2.1\jackson-jaxrs-base-2.10.2.1.jar;C:\Users\moham\.m2\repository\com\fasterxml\jackson\module\jackson-module-jaxb-annotations\2.10.2\jackson-module-jaxb-annotations-2.10.2.jar;C:\Users\moham\.m2\repository\org\glassfish\jersey\containers\jersey-container-servlet\2.30\jersey-container-servlet-2.30.jar;C:\Users\moham\.m2\repository\org\glassfish\jersey\containers\jersey-container-servlet-core\2.30\jersey-container-servlet-core-2.30.jar;C:\Users\moham\.m2\repository\org\eclipse\jetty\jetty-server\9.4.26.v20200117\jetty-server-9.4.26.v20200117.jar;C:\Users\moham\.m2\repository\org\eclipse\jetty\jetty-io\9.4.26.v20200117\jetty-io-9.4.26.v20200117.jar;C:\Users\moham\.m2\repository\jakarta\servlet\jakarta.servlet-api\4.0.3\jakarta.servlet-api-4.0.3.jar;C:\Users\moham\.m2\repository\org\eclipse\jetty\jetty-webapp\9.4.26.v20200117\jetty-webapp-9.4.26.v20200117.jar;C:\Users\moham\.m2\repository\org\eclipse\jetty\jetty-xml\9.4.26.v20200117\jetty-xml-9.4.26.v20200117.jar;C:\Users\moham\.m2\repository\org\eclipse\jetty\jetty-continuation\9.4.26.v20200117\jetty-continuation-9.4.26.v20200117.jar;C:\Users\moham\.m2\repository\io\dropwizard\dropwizard-servlets\2.0.2\dropwizard-servlets-2.0.2.jar;C:\Users\moham\.m2\repository\io\dropwizard\metrics\metrics-annotation\4.1.2\metrics-annotation-4.1.2.jar;C:\Users\moham\.m2\repository\io\dropwizard\dropwizard-jetty\2.0.2\dropwizard-jetty-2.0.2.jar;C:\Users\moham\.m2\repository\io\dropwizard\metrics\metrics-jetty9\4.1.2\metrics-jetty9-4.1.2.jar;C:\Users\moham\.m2\repository\org\eclipse\jetty\jetty-servlet\9.4.26.v20200117\jetty-servlet-9.4.26.v20200117.jar;C:\Users\moham\.m2\repository\org\eclipse\jetty\jetty-security\9.4.26.v20200117\jetty-security-9.4.26.v20200117.jar;C:\Users\moham\.m2\repository\org\eclipse\jetty\jetty-servlets\9.4.26.v20200117\jetty-servlets-9.4.26.v20200117.jar;C:\Users\moham\.m2\repository\org\eclipse\jetty\jetty-http\9.4.26.v20200117\jetty-http-9.4.26.v20200117.jar;C:\Users\moham\.m2\repository\io\dropwizard\dropwizard-lifecycle\2.0.2\dropwizard-lifecycle-2.0.2.jar;C:\Users\moham\.m2\repository\io\dropwizard\metrics\metrics-core\4.1.2\metrics-core-4.1.2.jar;C:\Users\moham\.m2\repository\io\dropwizard\metrics\metrics-jvm\4.1.2\metrics-jvm-4.1.2.jar;C:\Users\moham\.m2\repository\io\dropwizard\metrics\metrics-jmx\4.1.2\metrics-jmx-4.1.2.jar;C:\Users\moham\.m2\repository\io\dropwizard\metrics\metrics-servlets\4.1.2\metrics-servlets-4.1.2.jar;C:\Users\moham\.m2\repository\io\dropwizard\metrics\metrics-json\4.1.2\metrics-json-4.1.2.jar;C:\Users\moham\.m2\repository\com\helger\profiler\1.1.1\profiler-1.1.1.jar;C:\Users\moham\.m2\repository\io\dropwizard\metrics\metrics-healthchecks\4.1.2\metrics-healthchecks-4.1.2.jar;C:\Users\moham\.m2\repository\io\dropwizard\dropwizard-request-logging\2.0.2\dropwizard-request-logging-2.0.2.jar;C:\Users\moham\.m2\repository\ch\qos\logback\logback-access\1.2.3\logback-access-1.2.3.jar;C:\Users\moham\.m2\repository\net\sourceforge\argparse4j\argparse4j\0.8.1\argparse4j-0.8.1.jar;C:\Users\moham\.m2\repository\org\eclipse\jetty\toolchain\setuid\jetty-setuid-java\1.0.3\jetty-setuid-java-1.0.3.jar;C:\Users\moham\.m2\repository\io\dropwizard\dropwizard-jdbi3\2.0.2\dropwizard-jdbi3-2.0.2.jar;C:\Users\moham\.m2\repository\io\dropwizard\dropwizard-db\2.0.2\dropwizard-db-2.0.2.jar;C:\Users\moham\.m2\repository\org\apache\tomcat\tomcat-jdbc\9.0.31\tomcat-jdbc-9.0.31.jar;C:\Users\moham\.m2\repository\org\apache\tomcat\tomcat-juli\9.0.31\tomcat-juli-9.0.31.jar;C:\Users\moham\.m2\repository\org\jdbi\jdbi3-core\3.12.2\jdbi3-core-3.12.2.jar;C:\Users\moham\.m2\repository\org\antlr\antlr4-runtime\4.7.2\antlr4-runtime-4.7.2.jar;C:\Users\moham\.m2\repository\io\leangen\geantyref\geantyref\1.3.7\geantyref-1.3.7.jar;C:\Users\moham\.m2\repository\org\jdbi\jdbi3-sqlobject\3.12.2\jdbi3-sqlobject-3.12.2.jar;C:\Users\moham\.m2\repository\org\jdbi\jdbi3-jodatime2\3.12.2\jdbi3-jodatime2-3.12.2.jar;C:\Users\moham\.m2\repository\org\jdbi\jdbi3-guava\3.12.2\jdbi3-guava-3.12.2.jar;C:\Users\moham\.m2\repository\io\dropwizard\metrics\metrics-jdbi3\4.1.2\metrics-jdbi3-4.1.2.jar;C:\Users\moham\.m2\repository\org\flywaydb\flyway-core\6.2.4\flyway-core-6.2.4.jar;C:\Users\moham\.m2\repository\io\rest-assured\json-path\3.1.0\json-path-3.1.0.jar;C:\Users\moham\.m2\repository\org\codehaus\groovy\groovy-json\2.4.12\groovy-json-2.4.12.jar;C:\Users\moham\.m2\repository\org\codehaus\groovy\groovy\2.4.12\groovy-2.4.12.jar;C:\Users\moham\.m2\repository\io\rest-assured\rest-assured-common\3.1.0\rest-assured-common-3.1.0.jar;C:\Users\moham\.m2\repository\io\rest-assured\rest-assured\3.1.0\rest-assured-3.1.0.jar;C:\Users\moham\.m2\repository\org\codehaus\groovy\groovy-xml\2.4.12\groovy-xml-2.4.12.jar;C:\Users\moham\.m2\repository\org\apache\httpcomponents\httpclient\4.5.3\httpclient-4.5.3.jar;C:\Users\moham\.m2\repository\org\apache\httpcomponents\httpcore\4.4.6\httpcore-4.4.6.jar;C:\Users\moham\.m2\repository\commons-logging\commons-logging\1.2\commons-logging-1.2.jar;C:\Users\moham\.m2\repository\commons-codec\commons-codec\1.9\commons-codec-1.9.jar;C:\Users\moham\.m2\repository\org\apache\httpcomponents\httpmime\4.5.1\httpmime-4.5.1.jar;C:\Users\moham\.m2\repository\org\hamcrest\hamcrest-core\1.3\hamcrest-core-1.3.jar;C:\Users\moham\.m2\repository\org\hamcrest\hamcrest-library\1.3\hamcrest-library-1.3.jar;C:\Users\moham\.m2\repository\org\ccil\cowan\tagsoup\tagsoup\1.2.1\tagsoup-1.2.1.jar;C:\Users\moham\.m2\repository\io\rest-assured\xml-path\3.1.0\xml-path-3.1.0.jar;C:\Users\moham\.m2\repository\javax\xml\bind\jaxb-api\2.2.12\jaxb-api-2.2.12.jar;C:\Users\moham\.m2\repository\io\dropwizard\dropwizard-testing\2.0.2\dropwizard-testing-2.0.2.jar;C:\Users\moham\.m2\repository\org\objenesis\objenesis\3.1\objenesis-3.1.jar;C:\Users\moham\.m2\repository\org\assertj\assertj-core\3.15.0\assertj-core-3.15.0.jar;C:\Users\moham\.m2\repository\org\glassfish\jersey\test-framework\providers\jersey-test-framework-provider-inmemory\2.30\jersey-test-framework-provider-inmemory-2.30.jar;C:\Users\moham\.m2\repository\org\glassfish\jersey\test-framework\jersey-test-framework-core\2.30\jersey-test-framework-core-2.30.jar;C:\Users\moham\.m2\repository\org\glassfish\jersey\core\jersey-client\2.30\jersey-client-2.30.jar;C:\Users\moham\.m2\repository\junit\junit\4.12\junit-4.12.jar;C:\Users\moham\.m2\repository\jakarta\activation\jakarta.activation-api\1.2.1\jakarta.activation-api-1.2.1.jar;C:\Users\moham\.m2\repository\jakarta\xml\bind\jakarta.xml.bind-api\2.3.2\jakarta.xml.bind-api-2.3.2.jar;C:\Users\moham\.m2\repository\org\json\json\20090211\json-20090211.jar;C:\Users\moham\.m2\repository\com\h2database\h2\1.4.197\h2-1.4.197.jar;"/>
    <property name="java.vm.vendor" value="Oracle Corporation"/>
    <property name="sun.arch.data.model" value="64"/>
    <property name="user.variant" value=""/>
    <property name="java.vendor.url" value="http://java.oracle.com/"/>
    <property name="user.timezone" value="America/New_York"/>
    <property name="java.vm.specification.version" value="1.8"/>
    <property name="os.name" value="Windows 10"/>
    <property name="user.country" value="US"/>
    <property name="sun.java.launcher" value="SUN_STANDARD"/>
    <property name="sun.boot.library.path" value="C:\Program Files\Java\jdk1.8.0_241\jre\bin"/>
    <property name="sun.java.command" value="C:\Users\moham\AppData\Local\Temp\surefire5841790937915820020\surefirebooter6694275662905618624.jar C:\Users\moham\AppData\Local\Temp\surefire5841790937915820020 2020-02-29T18-34-29_837-jvmRun1 surefire1376564637250885815tmp surefire_08494508388126690257tmp"/>
    <property name="surefire.test.class.path" value="C:\Users\moham\Documents\moneytransfer\target\test-classes;C:\Users\moham\Documents\moneytransfer\target\classes;C:\Users\moham\.m2\repository\io\dropwizard\dropwizard-core\2.0.2\dropwizard-core-2.0.2.jar;C:\Users\moham\.m2\repository\io\dropwizard\dropwizard-util\2.0.2\dropwizard-util-2.0.2.jar;C:\Users\moham\.m2\repository\com\fasterxml\jackson\core\jackson-annotations\2.10.2\jackson-annotations-2.10.2.jar;C:\Users\moham\.m2\repository\com\google\guava\guava\28.2-jre\guava-28.2-jre.jar;C:\Users\moham\.m2\repository\com\google\guava\failureaccess\1.0.1\failureaccess-1.0.1.jar;C:\Users\moham\.m2\repository\com\google\guava\listenablefuture\9999.0-empty-to-avoid-conflict-with-guava\listenablefuture-9999.0-empty-to-avoid-conflict-with-guava.jar;C:\Users\moham\.m2\repository\org\checkerframework\checker-qual\2.10.0\checker-qual-2.10.0.jar;C:\Users\moham\.m2\repository\com\google\errorprone\error_prone_annotations\2.3.4\error_prone_annotations-2.3.4.jar;C:\Users\moham\.m2\repository\com\google\j2objc\j2objc-annotations\1.3\j2objc-annotations-1.3.jar;C:\Users\moham\.m2\repository\com\google\code\findbugs\jsr305\3.0.2\jsr305-3.0.2.jar;C:\Users\moham\.m2\repository\joda-time\joda-time\2.10.5\joda-time-2.10.5.jar;C:\Users\moham\.m2\repository\io\dropwizard\dropwizard-jackson\2.0.2\dropwizard-jackson-2.0.2.jar;C:\Users\moham\.m2\repository\com\github\ben-manes\caffeine\caffeine\2.8.1\caffeine-2.8.1.jar;C:\Users\moham\.m2\repository\com\fasterxml\jackson\core\jackson-core\2.10.2\jackson-core-2.10.2.jar;C:\Users\moham\.m2\repository\com\fasterxml\jackson\core\jackson-databind\2.10.2\jackson-databind-2.10.2.jar;C:\Users\moham\.m2\repository\com\fasterxml\jackson\datatype\jackson-datatype-guava\2.10.2\jackson-datatype-guava-2.10.2.jar;C:\Users\moham\.m2\repository\com\fasterxml\jackson\datatype\jackson-datatype-jsr310\2.10.2\jackson-datatype-jsr310-2.10.2.jar;C:\Users\moham\.m2\repository\com\fasterxml\jackson\datatype\jackson-datatype-jdk8\2.10.2\jackson-datatype-jdk8-2.10.2.jar;C:\Users\moham\.m2\repository\com\fasterxml\jackson\module\jackson-module-parameter-names\2.10.2\jackson-module-parameter-names-2.10.2.jar;C:\Users\moham\.m2\repository\com\fasterxml\jackson\module\jackson-module-afterburner\2.10.2\jackson-module-afterburner-2.10.2.jar;C:\Users\moham\.m2\repository\com\fasterxml\jackson\datatype\jackson-datatype-joda\2.10.2\jackson-datatype-joda-2.10.2.jar;C:\Users\moham\.m2\repository\org\slf4j\slf4j-api\1.7.30\slf4j-api-1.7.30.jar;C:\Users\moham\.m2\repository\io\dropwizard\dropwizard-validation\2.0.2\dropwizard-validation-2.0.2.jar;C:\Users\moham\.m2\repository\org\hibernate\validator\hibernate-validator\6.1.2.Final\hibernate-validator-6.1.2.Final.jar;C:\Users\moham\.m2\repository\jakarta\validation\jakarta.validation-api\2.0.2\jakarta.validation-api-2.0.2.jar;C:\Users\moham\.m2\repository\org\jboss\logging\jboss-logging\3.3.2.Final\jboss-logging-3.3.2.Final.jar;C:\Users\moham\.m2\repository\com\fasterxml\classmate\1.3.4\classmate-1.3.4.jar;C:\Users\moham\.m2\repository\org\glassfish\jakarta.el\3.0.3\jakarta.el-3.0.3.jar;C:\Users\moham\.m2\repository\org\javassist\javassist\3.26.0-GA\javassist-3.26.0-GA.jar;C:\Users\moham\.m2\repository\io\dropwizard\dropwizard-configuration\2.0.2\dropwizard-configuration-2.0.2.jar;C:\Users\moham\.m2\repository\com\fasterxml\jackson\dataformat\jackson-dataformat-yaml\2.10.2\jackson-dataformat-yaml-2.10.2.jar;C:\Users\moham\.m2\repository\org\yaml\snakeyaml\1.24\snakeyaml-1.24.jar;C:\Users\moham\.m2\repository\org\apache\commons\commons-lang3\3.9\commons-lang3-3.9.jar;C:\Users\moham\.m2\repository\org\apache\commons\commons-text\1.8\commons-text-1.8.jar;C:\Users\moham\.m2\repository\io\dropwizard\dropwizard-logging\2.0.2\dropwizard-logging-2.0.2.jar;C:\Users\moham\.m2\repository\io\dropwizard\metrics\metrics-logback\4.1.2\metrics-logback-4.1.2.jar;C:\Users\moham\.m2\repository\org\slf4j\jul-to-slf4j\1.7.30\jul-to-slf4j-1.7.30.jar;C:\Users\moham\.m2\repository\ch\qos\logback\logback-core\1.2.3\logback-core-1.2.3.jar;C:\Users\moham\.m2\repository\ch\qos\logback\logback-classic\1.2.3\logback-classic-1.2.3.jar;C:\Users\moham\.m2\repository\io\dropwizard\logback\logback-throttling-appender\1.1.0\logback-throttling-appender-1.1.0.jar;C:\Users\moham\.m2\repository\org\slf4j\log4j-over-slf4j\1.7.30\log4j-over-slf4j-1.7.30.jar;C:\Users\moham\.m2\repository\org\slf4j\jcl-over-slf4j\1.7.30\jcl-over-slf4j-1.7.30.jar;C:\Users\moham\.m2\repository\org\eclipse\jetty\jetty-util\9.4.26.v20200117\jetty-util-9.4.26.v20200117.jar;C:\Users\moham\.m2\repository\io\dropwizard\dropwizard-metrics\2.0.2\dropwizard-metrics-2.0.2.jar;C:\Users\moham\.m2\repository\io\dropwizard\dropwizard-jersey\2.0.2\dropwizard-jersey-2.0.2.jar;C:\Users\moham\.m2\repository\org\glassfish\jersey\core\jersey-server\2.30\jersey-server-2.30.jar;C:\Users\moham\.m2\repository\org\glassfish\jersey\core\jersey-common\2.30\jersey-common-2.30.jar;C:\Users\moham\.m2\repository\org\glassfish\hk2\osgi-resource-locator\1.0.3\osgi-resource-locator-1.0.3.jar;C:\Users\moham\.m2\repository\jakarta\ws\rs\jakarta.ws.rs-api\2.1.6\jakarta.ws.rs-api-2.1.6.jar;C:\Users\moham\.m2\repository\org\glassfish\jersey\media\jersey-media-jaxb\2.30\jersey-media-jaxb-2.30.jar;C:\Users\moham\.m2\repository\jakarta\annotation\jakarta.annotation-api\1.3.5\jakarta.annotation-api-1.3.5.jar;C:\Users\moham\.m2\repository\org\glassfish\hk2\external\jakarta.inject\2.6.1\jakarta.inject-2.6.1.jar;C:\Users\moham\.m2\repository\org\glassfish\jersey\ext\jersey-metainf-services\2.30\jersey-metainf-services-2.30.jar;C:\Users\moham\.m2\repository\org\glassfish\jersey\ext\jersey-bean-validation\2.30\jersey-bean-validation-2.30.jar;C:\Users\moham\.m2\repository\org\glassfish\jersey\inject\jersey-hk2\2.30\jersey-hk2-2.30.jar;C:\Users\moham\.m2\repository\org\glassfish\hk2\hk2-locator\2.6.1\hk2-locator-2.6.1.jar;C:\Users\moham\.m2\repository\org\glassfish\hk2\external\aopalliance-repackaged\2.6.1\aopalliance-repackaged-2.6.1.jar;C:\Users\moham\.m2\repository\org\glassfish\hk2\hk2-api\2.6.1\hk2-api-2.6.1.jar;C:\Users\moham\.m2\repository\org\glassfish\hk2\hk2-utils\2.6.1\hk2-utils-2.6.1.jar;C:\Users\moham\.m2\repository\io\dropwizard\metrics\metrics-jersey2\4.1.2\metrics-jersey2-4.1.2.jar;C:\Users\moham\.m2\repository\com\fasterxml\jackson\jaxrs\jackson-jaxrs-json-provider\2.10.2.1\jackson-jaxrs-json-provider-2.10.2.1.jar;C:\Users\moham\.m2\repository\com\fasterxml\jackson\jaxrs\jackson-jaxrs-base\2.10.2.1\jackson-jaxrs-base-2.10.2.1.jar;C:\Users\moham\.m2\repository\com\fasterxml\jackson\module\jackson-module-jaxb-annotations\2.10.2\jackson-module-jaxb-annotations-2.10.2.jar;C:\Users\moham\.m2\repository\org\glassfish\jersey\containers\jersey-container-servlet\2.30\jersey-container-servlet-2.30.jar;C:\Users\moham\.m2\repository\org\glassfish\jersey\containers\jersey-container-servlet-core\2.30\jersey-container-servlet-core-2.30.jar;C:\Users\moham\.m2\repository\org\eclipse\jetty\jetty-server\9.4.26.v20200117\jetty-server-9.4.26.v20200117.jar;C:\Users\moham\.m2\repository\org\eclipse\jetty\jetty-io\9.4.26.v20200117\jetty-io-9.4.26.v20200117.jar;C:\Users\moham\.m2\repository\jakarta\servlet\jakarta.servlet-api\4.0.3\jakarta.servlet-api-4.0.3.jar;C:\Users\moham\.m2\repository\org\eclipse\jetty\jetty-webapp\9.4.26.v20200117\jetty-webapp-9.4.26.v20200117.jar;C:\Users\moham\.m2\repository\org\eclipse\jetty\jetty-xml\9.4.26.v20200117\jetty-xml-9.4.26.v20200117.jar;C:\Users\moham\.m2\repository\org\eclipse\jetty\jetty-continuation\9.4.26.v20200117\jetty-continuation-9.4.26.v20200117.jar;C:\Users\moham\.m2\repository\io\dropwizard\dropwizard-servlets\2.0.2\dropwizard-servlets-2.0.2.jar;C:\Users\moham\.m2\repository\io\dropwizard\metrics\metrics-annotation\4.1.2\metrics-annotation-4.1.2.jar;C:\Users\moham\.m2\repository\io\dropwizard\dropwizard-jetty\2.0.2\dropwizard-jetty-2.0.2.jar;C:\Users\moham\.m2\repository\io\dropwizard\metrics\metrics-jetty9\4.1.2\metrics-jetty9-4.1.2.jar;C:\Users\moham\.m2\repository\org\eclipse\jetty\jetty-servlet\9.4.26.v20200117\jetty-servlet-9.4.26.v20200117.jar;C:\Users\moham\.m2\repository\org\eclipse\jetty\jetty-security\9.4.26.v20200117\jetty-security-9.4.26.v20200117.jar;C:\Users\moham\.m2\repository\org\eclipse\jetty\jetty-servlets\9.4.26.v20200117\jetty-servlets-9.4.26.v20200117.jar;C:\Users\moham\.m2\repository\org\eclipse\jetty\jetty-http\9.4.26.v20200117\jetty-http-9.4.26.v20200117.jar;C:\Users\moham\.m2\repository\io\dropwizard\dropwizard-lifecycle\2.0.2\dropwizard-lifecycle-2.0.2.jar;C:\Users\moham\.m2\repository\io\dropwizard\metrics\metrics-core\4.1.2\metrics-core-4.1.2.jar;C:\Users\moham\.m2\repository\io\dropwizard\metrics\metrics-jvm\4.1.2\metrics-jvm-4.1.2.jar;C:\Users\moham\.m2\repository\io\dropwizard\metrics\metrics-jmx\4.1.2\metrics-jmx-4.1.2.jar;C:\Users\moham\.m2\repository\io\dropwizard\metrics\metrics-servlets\4.1.2\metrics-servlets-4.1.2.jar;C:\Users\moham\.m2\repository\io\dropwizard\metrics\metrics-json\4.1.2\metrics-json-4.1.2.jar;C:\Users\moham\.m2\repository\com\helger\profiler\1.1.1\profiler-1.1.1.jar;C:\Users\moham\.m2\repository\io\dropwizard\metrics\metrics-healthchecks\4.1.2\metrics-healthchecks-4.1.2.jar;C:\Users\moham\.m2\repository\io\dropwizard\dropwizard-request-logging\2.0.2\dropwizard-request-logging-2.0.2.jar;C:\Users\moham\.m2\repository\ch\qos\logback\logback-access\1.2.3\logback-access-1.2.3.jar;C:\Users\moham\.m2\repository\net\sourceforge\argparse4j\argparse4j\0.8.1\argparse4j-0.8.1.jar;C:\Users\moham\.m2\repository\org\eclipse\jetty\toolchain\setuid\jetty-setuid-java\1.0.3\jetty-setuid-java-1.0.3.jar;C:\Users\moham\.m2\repository\io\dropwizard\dropwizard-jdbi3\2.0.2\dropwizard-jdbi3-2.0.2.jar;C:\Users\moham\.m2\repository\io\dropwizard\dropwizard-db\2.0.2\dropwizard-db-2.0.2.jar;C:\Users\moham\.m2\repository\org\apache\tomcat\tomcat-jdbc\9.0.31\tomcat-jdbc-9.0.31.jar;C:\Users\moham\.m2\repository\org\apache\tomcat\tomcat-juli\9.0.31\tomcat-juli-9.0.31.jar;C:\Users\moham\.m2\repository\org\jdbi\jdbi3-core\3.12.2\jdbi3-core-3.12.2.jar;C:\Users\moham\.m2\repository\org\antlr\antlr4-runtime\4.7.2\antlr4-runtime-4.7.2.jar;C:\Users\moham\.m2\repository\io\leangen\geantyref\geantyref\1.3.7\geantyref-1.3.7.jar;C:\Users\moham\.m2\repository\org\jdbi\jdbi3-sqlobject\3.12.2\jdbi3-sqlobject-3.12.2.jar;C:\Users\moham\.m2\repository\org\jdbi\jdbi3-jodatime2\3.12.2\jdbi3-jodatime2-3.12.2.jar;C:\Users\moham\.m2\repository\org\jdbi\jdbi3-guava\3.12.2\jdbi3-guava-3.12.2.jar;C:\Users\moham\.m2\repository\io\dropwizard\metrics\metrics-jdbi3\4.1.2\metrics-jdbi3-4.1.2.jar;C:\Users\moham\.m2\repository\org\flywaydb\flyway-core\6.2.4\flyway-core-6.2.4.jar;C:\Users\moham\.m2\repository\io\rest-assured\json-path\3.1.0\json-path-3.1.0.jar;C:\Users\moham\.m2\repository\org\codehaus\groovy\groovy-json\2.4.12\groovy-json-2.4.12.jar;C:\Users\moham\.m2\repository\org\codehaus\groovy\groovy\2.4.12\groovy-2.4.12.jar;C:\Users\moham\.m2\repository\io\rest-assured\rest-assured-common\3.1.0\rest-assured-common-3.1.0.jar;C:\Users\moham\.m2\repository\io\rest-assured\rest-assured\3.1.0\rest-assured-3.1.0.jar;C:\Users\moham\.m2\repository\org\codehaus\groovy\groovy-xml\2.4.12\groovy-xml-2.4.12.jar;C:\Users\moham\.m2\repository\org\apache\httpcomponents\httpclient\4.5.3\httpclient-4.5.3.jar;C:\Users\moham\.m2\repository\org\apache\httpcomponents\httpcore\4.4.6\httpcore-4.4.6.jar;C:\Users\moham\.m2\repository\commons-logging\commons-logging\1.2\commons-logging-1.2.jar;C:\Users\moham\.m2\repository\commons-codec\commons-codec\1.9\commons-codec-1.9.jar;C:\Users\moham\.m2\repository\org\apache\httpcomponents\httpmime\4.5.1\httpmime-4.5.1.jar;C:\Users\moham\.m2\repository\org\hamcrest\hamcrest-core\1.3\hamcrest-core-1.3.jar;C:\Users\moham\.m2\repository\org\hamcrest\hamcrest-library\1.3\hamcrest-library-1.3.jar;C:\Users\moham\.m2\repository\org\ccil\cowan\tagsoup\tagsoup\1.2.1\tagsoup-1.2.1.jar;C:\Users\moham\.m2\repository\io\rest-assured\xml-path\3.1.0\xml-path-3.1.0.jar;C:\Users\moham\.m2\repository\javax\xml\bind\jaxb-api\2.2.12\jaxb-api-2.2.12.jar;C:\Users\moham\.m2\repository\io\dropwizard\dropwizard-testing\2.0.2\dropwizard-testing-2.0.2.jar;C:\Users\moham\.m2\repository\org\objenesis\objenesis\3.1\objenesis-3.1.jar;C:\Users\moham\.m2\repository\org\assertj\assertj-core\3.15.0\assertj-core-3.15.0.jar;C:\Users\moham\.m2\repository\org\glassfish\jersey\test-framework\providers\jersey-test-framework-provider-inmemory\2.30\jersey-test-framework-provider-inmemory-2.30.jar;C:\Users\moham\.m2\repository\org\glassfish\jersey\test-framework\jersey-test-framework-core\2.30\jersey-test-framework-core-2.30.jar;C:\Users\moham\.m2\repository\org\glassfish\jersey\core\jersey-client\2.30\jersey-client-2.30.jar;C:\Users\moham\.m2\repository\junit\junit\4.12\junit-4.12.jar;C:\Users\moham\.m2\repository\jakarta\activation\jakarta.activation-api\1.2.1\jakarta.activation-api-1.2.1.jar;C:\Users\moham\.m2\repository\jakarta\xml\bind\jakarta.xml.bind-api\2.3.2\jakarta.xml.bind-api-2.3.2.jar;C:\Users\moham\.m2\repository\org\json\json\20090211\json-20090211.jar;C:\Users\moham\.m2\repository\com\h2database\h2\1.4.197\h2-1.4.197.jar;"/>
    <property name="sun.cpu.endian" value="little"/>
    <property name="user.home" value="C:\Users\moham"/>
    <property name="user.language" value="en"/>
    <property name="java.specification.vendor" value="Oracle Corporation"/>
    <property name="java.home" value="C:\Program Files\Java\jdk1.8.0_241\jre"/>
    <property name="basedir" value="C:\Users\moham\Documents\moneytransfer"/>
    <property name="file.separator" value="\"/>
    <property name="line.separator" value="&#10;"/>
    <property name="java.vm.specification.vendor" value="Oracle Corporation"/>
    <property name="java.specification.name" value="Java Platform API Specification"/>
    <property name="java.awt.graphicsenv" value="sun.awt.Win32GraphicsEnvironment"/>
    <property name="surefire.real.class.path" value="C:\Users\moham\AppData\Local\Temp\surefire5841790937915820020\surefirebooter6694275662905618624.jar"/>
    <property name="sun.boot.class.path" value="C:\Program Files\Java\jdk1.8.0_241\jre\lib\resources.jar;C:\Program Files\Java\jdk1.8.0_241\jre\lib\rt.jar;C:\Program Files\Java\jdk1.8.0_241\jre\lib\sunrsasign.jar;C:\Program Files\Java\jdk1.8.0_241\jre\lib\jsse.jar;C:\Program Files\Java\jdk1.8.0_241\jre\lib\jce.jar;C:\Program Files\Java\jdk1.8.0_241\jre\lib\charsets.jar;C:\Program Files\Java\jdk1.8.0_241\jre\lib\jfr.jar;C:\Program Files\Java\jdk1.8.0_241\jre\classes"/>
    <property name="user.script" value=""/>
    <property name="sun.management.compiler" value="HotSpot 64-Bit Tiered Compilers"/>
    <property name="java.runtime.version" value="1.8.0_241-b07"/>
    <property name="user.name" value="moham"/>
    <property name="path.separator" value=";"/>
    <property name="os.version" value="10.0"/>
    <property name="java.endorsed.dirs" value="C:\Program Files\Java\jdk1.8.0_241\jre\lib\endorsed"/>
    <property name="java.runtime.name" value="Java(TM) SE Runtime Environment"/>
    <property name="file.encoding" value="Cp1252"/>
    <property name="java.vm.name" value="Java HotSpot(TM) 64-Bit Server VM"/>
    <property name="localRepository" value="C:\Users\moham\.m2\repository"/>
    <property name="java.vendor.url.bug" value="http://bugreport.sun.com/bugreport/"/>
    <property name="java.io.tmpdir" value="C:\Users\moham\AppData\Local\Temp\"/>
    <property name="java.version" value="1.8.0_241"/>
    <property name="user.dir" value="C:\Users\moham\Documents\moneytransfer"/>
    <property name="os.arch" value="amd64"/>
    <property name="java.vm.specification.name" value="Java Virtual Machine Specification"/>
    <property name="java.awt.printerjob" value="sun.awt.windows.WPrinterJob"/>
    <property name="sun.os.patch.level" value=""/>
    <property name="java.library.path" value="C:\Program Files\Java\jdk1.8.0_241\jre\bin;C:\WINDOWS\Sun\Java\bin;C:\WINDOWS\system32;C:\WINDOWS;C:\Program Files (x86)\Common Files\Oracle\Java\javapath;C:\WINDOWS\system32;C:\WINDOWS;C:\WINDOWS\System32\Wbem;C:\WINDOWS\System32\WindowsPowerShell\v1.0\;C:\WINDOWS\System32\OpenSSH\;C:\Program Files\apache-maven-3.6.3\bin;C:\Users\moham\AppData\Local\Microsoft\WindowsApps;;."/>
    <property name="java.vm.info" value="mixed mode"/>
    <property name="java.vendor" value="Oracle Corporation"/>
    <property name="java.vm.version" value="25.241-b07"/>
    <property name="java.ext.dirs" value="C:\Program Files\Java\jdk1.8.0_241\jre\lib\ext;C:\WINDOWS\Sun\Java\lib\ext"/>
    <property name="sun.io.unicode.encoding" value="UnicodeLittle"/>
    <property name="java.class.version" value="52.0"/>
  </properties>
  <testcase name="test_getTransfer" classname="com.revolut.resources.transferResourceIT" time="0.071"/>
  <testcase name="test_transferFunds" classname="com.revolut.resources.transferResourceIT" time="0.171"/>
</testsuite>